[0m21:49:46.849546 [debug] [MainThread]: Sending event: {'category': 'dbt', 'action': 'invocation', 'label': 'start', 'context': [<snowplow_tracker.self_describing_json.SelfDescribingJson object at 0x000001606D8ACF70>, <snowplow_tracker.self_describing_json.SelfDescribingJson object at 0x000001606FEDE2F0>, <snowplow_tracker.self_describing_json.SelfDescribingJson object at 0x000001606FEDDE70>]}


============================== 21:49:46.854532 | 03f50b34-036c-45de-af4c-e1a3ac781c05 ==============================
[0m21:49:46.854532 [info ] [MainThread]: Running with dbt=1.7.10
[0m21:49:46.855529 [debug] [MainThread]: running dbt with arguments {'printer_width': '80', 'indirect_selection': 'eager', 'write_json': 'True', 'log_cache_events': 'False', 'partial_parse': 'True', 'cache_selected_only': 'False', 'warn_error': 'None', 'fail_fast': 'False', 'debug': 'False', 'log_path': 'logs', 'profiles_dir': 'C:\\Users\\andre\\.dbt', 'version_check': 'True', 'use_colors': 'True', 'use_experimental_parser': 'False', 'no_print': 'None', 'quiet': 'False', 'warn_error_options': 'WarnErrorOptions(include=[], exclude=[])', 'invocation_command': 'dbt init', 'log_format': 'default', 'introspect': 'True', 'target_path': 'None', 'static_parser': 'True', 'send_anonymous_usage_stats': 'True'}
[0m21:49:46.864472 [warn ] [MainThread]: [ConfigFolderDirectory]: Unable to parse dict {'dir': WindowsPath('C:/Users/andre/.dbt')}
[0m21:49:46.865202 [info ] [MainThread]: Creating dbt configuration folder at 
[0m21:49:55.267072 [debug] [MainThread]: Starter project path: C:\Users\andre\.virtualenvs\citibike-4oTHMG5k\lib\site-packages\dbt\include\starter_project
[0m21:49:55.307822 [info ] [MainThread]: 
Your new dbt project "citibike" was created!

For more information on how to configure the profiles.yml file,
please consult the dbt documentation here:

  https://docs.getdbt.com/docs/configure-your-profile

One more thing:

Need help? Don't hesitate to reach out to us via GitHub issues or on Slack:

  https://community.getdbt.com/

Happy modeling!

[0m21:49:55.310814 [info ] [MainThread]: Setting up your profile.
[0m21:51:21.899721 [info ] [MainThread]: Profile citibike written to C:\Users\andre\.dbt\profiles.yml using target's profile_template.yml and your supplied values. Run 'dbt debug' to validate the connection.
[0m21:51:21.901721 [debug] [MainThread]: Command `dbt init` succeeded at 21:51:21.901721 after 95.07 seconds
[0m21:51:21.901721 [debug] [MainThread]: Sending event: {'category': 'dbt', 'action': 'invocation', 'label': 'end', 'context': [<snowplow_tracker.self_describing_json.SelfDescribingJson object at 0x000001606D8ACF70>, <snowplow_tracker.self_describing_json.SelfDescribingJson object at 0x000001606FEDFA00>, <snowplow_tracker.self_describing_json.SelfDescribingJson object at 0x000001606FEDF400>]}
[0m21:51:21.902691 [debug] [MainThread]: Flushing usage events
